Symfony\Component\DependencyInjection\Compiler\ResolveDefinitionTemplatesPass: Resolving inheritance for "templating.asset.default_package" (parent: templating.asset.path_package).
Symfony\Component\DependencyInjection\Compiler\ResolveDefinitionTemplatesPass: Resolving inheritance for "security.user.provider.concrete.usuarios" (parent: security.user.provider.entity).
Symfony\Component\DependencyInjection\Compiler\ResolveDefinitionTemplatesPass: Resolving inheritance for "security.context_listener.0" (parent: security.context_listener).
Symfony\Component\DependencyInjection\Compiler\ResolveDefinitionTemplatesPass: Resolving inheritance for "security.logout_listener.fronted" (parent: security.logout_listener).
Symfony\Component\DependencyInjection\Compiler\ResolveDefinitionTemplatesPass: Resolving inheritance for "security.authentication.provider.dao.fronted" (parent: security.authentication.provider.dao).
Symfony\Component\DependencyInjection\Compiler\ResolveDefinitionTemplatesPass: Resolving inheritance for "security.authentication.listener.form" (parent: security.authentication.listener.abstract).
Symfony\Component\DependencyInjection\Compiler\ResolveDefinitionTemplatesPass: Resolving inheritance for "security.authentication.listener.form.fronted" (parent: security.authentication.listener.form).
Symfony\Component\DependencyInjection\Compiler\ResolveDefinitionTemplatesPass: Resolving inheritance for "security.authentication.form_entry_point.fronted" (parent: security.authentication.form_entry_point).
Symfony\Component\DependencyInjection\Compiler\ResolveDefinitionTemplatesPass: Resolving inheritance for "security.authentication.provider.rememberme.fronted" (parent: security.authentication.provider.rememberme).
Symfony\Component\DependencyInjection\Compiler\ResolveDefinitionTemplatesPass: Resolving inheritance for "security.authentication.rememberme.services.simplehash" (parent: security.authentication.rememberme.services.abstract).
Symfony\Component\DependencyInjection\Compiler\ResolveDefinitionTemplatesPass: Resolving inheritance for "security.authentication.rememberme.services.simplehash.fronted" (parent: security.authentication.rememberme.services.simplehash).
Symfony\Component\DependencyInjection\Compiler\ResolveDefinitionTemplatesPass: Resolving inheritance for "security.authentication.listener.rememberme.fronted" (parent: security.authentication.listener.rememberme).
Symfony\Component\DependencyInjection\Compiler\ResolveDefinitionTemplatesPass: Resolving inheritance for "security.authentication.listener.anonymous.fronted" (parent: security.authentication.listener.anonymous).
Symfony\Component\DependencyInjection\Compiler\ResolveDefinitionTemplatesPass: Resolving inheritance for "security.authentication.provider.anonymous.fronted" (parent: security.authentication.provider.anonymous).
Symfony\Component\DependencyInjection\Compiler\ResolveDefinitionTemplatesPass: Resolving inheritance for "security.authentication.switchuser_listener.fronted" (parent: security.authentication.switchuser_listener).
Symfony\Component\DependencyInjection\Compiler\ResolveDefinitionTemplatesPass: Resolving inheritance for "security.exception_listener.fronted" (parent: security.exception_listener).
Symfony\Component\DependencyInjection\Compiler\ResolveDefinitionTemplatesPass: Resolving inheritance for "security.firewall.map.context.fronted" (parent: security.firewall.context).
Symfony\Component\DependencyInjection\Compiler\ResolveDefinitionTemplatesPass: Resolving inheritance for "monolog.logger" (parent: monolog.logger_prototype).
Symfony\Component\DependencyInjection\Compiler\ResolveDefinitionTemplatesPass: Resolving inheritance for "doctrine.dbal.default_connection.configuration" (parent: doctrine.dbal.connection.configuration).
Symfony\Component\DependencyInjection\Compiler\ResolveDefinitionTemplatesPass: Resolving inheritance for "doctrine.dbal.default_connection.event_manager" (parent: doctrine.dbal.connection.event_manager).
Symfony\Component\DependencyInjection\Compiler\ResolveDefinitionTemplatesPass: Resolving inheritance for "doctrine.dbal.default_connection" (parent: doctrine.dbal.connection).
Symfony\Component\DependencyInjection\Compiler\ResolveDefinitionTemplatesPass: Resolving inheritance for "doctrine.orm.default_configuration" (parent: doctrine.orm.configuration).
Symfony\Component\DependencyInjection\Compiler\ResolveDefinitionTemplatesPass: Resolving inheritance for "doctrine.orm.default_entity_manager" (parent: doctrine.orm.entity_manager.abstract).
Symfony\Component\DependencyInjection\Compiler\ResolveDefinitionTemplatesPass: Resolving inheritance for "monolog.logger.request" (parent: monolog.logger_prototype).
Symfony\Component\DependencyInjection\Compiler\ResolveDefinitionTemplatesPass: Resolving inheritance for "monolog.logger.event" (parent: monolog.logger_prototype).
Symfony\Component\DependencyInjection\Compiler\ResolveDefinitionTemplatesPass: Resolving inheritance for "monolog.logger.router" (parent: monolog.logger_prototype).
Symfony\Component\DependencyInjection\Compiler\ResolveDefinitionTemplatesPass: Resolving inheritance for "monolog.logger.templating" (parent: monolog.logger_prototype).
Symfony\Component\DependencyInjection\Compiler\ResolveDefinitionTemplatesPass: Resolving inheritance for "monolog.logger.security" (parent: monolog.logger_prototype).
Symfony\Component\DependencyInjection\Compiler\ResolveDefinitionTemplatesPass: Resolving inheritance for "monolog.logger.doctrine" (parent: monolog.logger_prototype).
Symfony\Component\DependencyInjection\Compiler\RemovePrivateAliasesPass: Removed service "security.user.entity_manager"; reason: private alias
Symfony\Component\DependencyInjection\Compiler\RemovePrivateAliasesPass: Removed service "doctrine.dbal.event_manager"; reason: private alias
Symfony\Component\DependencyInjection\Compiler\RemovePrivateAliasesPass: Removed service "doctrine.orm.default_entity_manager.event_manager"; reason: private alias
Symfony\Component\DependencyInjection\Compiler\RemoveAbstractDefinitionsPass: Removed service "templating.asset.path_package"; reason: abstract
Symfony\Component\DependencyInjection\Compiler\RemoveAbstractDefinitionsPass: Removed service "templating.asset.url_package"; reason: abstract
Symfony\Component\DependencyInjection\Compiler\RemoveAbstractDefinitionsPass: Removed service "templating.asset.request_aware_package"; reason: abstract
Symfony\Component\DependencyInjection\Compiler\RemoveAbstractDefinitionsPass: Removed service "security.firewall.context"; reason: abstract
Symfony\Component\DependencyInjection\Compiler\RemoveAbstractDefinitionsPass: Removed service "security.user.provider.entity"; reason: abstract
Symfony\Component\DependencyInjection\Compiler\RemoveAbstractDefinitionsPass: Removed service "security.user.provider.in_memory"; reason: abstract
Symfony\Component\DependencyInjection\Compiler\RemoveAbstractDefinitionsPass: Removed service "security.user.provider.in_memory.user"; reason: abstract
Symfony\Component\DependencyInjection\Compiler\RemoveAbstractDefinitionsPass: Removed service "security.user.provider.chain"; reason: abstract
Symfony\Component\DependencyInjection\Compiler\RemoveAbstractDefinitionsPass: Removed service "security.logout_listener"; reason: abstract
Symfony\Component\DependencyInjection\Compiler\RemoveAbstractDefinitionsPass: Removed service "security.logout.handler.cookie_clearing"; reason: abstract
Symfony\Component\DependencyInjection\Compiler\RemoveAbstractDefinitionsPass: Removed service "security.authentication.form_entry_point"; reason: abstract
Symfony\Component\DependencyInjection\Compiler\RemoveAbstractDefinitionsPass: Removed service "security.authentication.listener.abstract"; reason: abstract
Symfony\Component\DependencyInjection\Compiler\RemoveAbstractDefinitionsPass: Removed service "security.authentication.listener.form"; reason: abstract
Symfony\Component\DependencyInjection\Compiler\RemoveAbstractDefinitionsPass: Removed service "security.authentication.listener.x509"; reason: abstract
Symfony\Component\DependencyInjection\Compiler\RemoveAbstractDefinitionsPass: Removed service "security.authentication.listener.basic"; reason: abstract
Symfony\Component\DependencyInjection\Compiler\RemoveAbstractDefinitionsPass: Removed service "security.authentication.listener.digest"; reason: abstract
Symfony\Component\DependencyInjection\Compiler\RemoveAbstractDefinitionsPass: Removed service "security.authentication.provider.dao"; reason: abstract
Symfony\Component\DependencyInjection\Compiler\RemoveAbstractDefinitionsPass: Removed service "security.authentication.provider.pre_authenticated"; reason: abstract
Symfony\Component\DependencyInjection\Compiler\RemoveAbstractDefinitionsPass: Removed service "security.exception_listener"; reason: abstract
Symfony\Component\DependencyInjection\Compiler\RemoveAbstractDefinitionsPass: Removed service "security.authentication.switchuser_listener"; reason: abstract
Symfony\Component\DependencyInjection\Compiler\RemoveAbstractDefinitionsPass: Removed service "security.authentication.listener.rememberme"; reason: abstract
Symfony\Component\DependencyInjection\Compiler\RemoveAbstractDefinitionsPass: Removed service "security.authentication.provider.rememberme"; reason: abstract
Symfony\Component\DependencyInjection\Compiler\RemoveAbstractDefinitionsPass: Removed service "security.authentication.rememberme.services.abstract"; reason: abstract
Symfony\Component\DependencyInjection\Compiler\RemoveAbstractDefinitionsPass: Removed service "security.authentication.rememberme.services.persistent"; reason: abstract
Symfony\Component\DependencyInjection\Compiler\RemoveAbstractDefinitionsPass: Removed service "security.authentication.rememberme.services.simplehash"; reason: abstract
Symfony\Component\DependencyInjection\Compiler\RemoveAbstractDefinitionsPass: Removed service "monolog.logger_prototype"; reason: abstract
Symfony\Component\DependencyInjection\Compiler\RemoveAbstractDefinitionsPass: Removed service "doctrine.dbal.connection"; reason: abstract
Symfony\Component\DependencyInjection\Compiler\RemoveAbstractDefinitionsPass: Removed service "doctrine.dbal.connection.event_manager"; reason: abstract
Symfony\Component\DependencyInjection\Compiler\RemoveAbstractDefinitionsPass: Removed service "doctrine.dbal.connection.configuration"; reason: abstract
Symfony\Component\DependencyInjection\Compiler\RemoveAbstractDefinitionsPass: Removed service "doctrine.orm.configuration"; reason: abstract
Symfony\Component\DependencyInjection\Compiler\RemoveAbstractDefinitionsPass: Removed service "doctrine.orm.entity_manager.abstract"; reason: abstract
Symfony\Component\DependencyInjection\Compiler\RemoveAbstractDefinitionsPass: Removed service "assetic.worker.ensure_filter"; reason: abstract
Symfony\Component\DependencyInjection\Compiler\ReplaceAliasByActualDefinitionPass: Changed reference of service "session" previously pointing to "session.storage.native" to "session.storage".
Symfony\Component\DependencyInjection\Compiler\ReplaceAliasByActualDefinitionPass: Changed reference of service "router_listener" previously pointing to "router.default" to "router".
Symfony\Component\DependencyInjection\Compiler\ReplaceAliasByActualDefinitionPass: Changed reference of service "router.cache_warmer" previously pointing to "router.default" to "router".
Symfony\Component\DependencyInjection\Compiler\ReplaceAliasByActualDefinitionPass: Changed reference of service "templating.helper.router" previously pointing to "router.default" to "router".
Symfony\Component\DependencyInjection\Compiler\ReplaceAliasByActualDefinitionPass: Changed reference of service "security.http_utils" previously pointing to "router.default" to "router".
Symfony\Component\DependencyInjection\Compiler\ReplaceAliasByActualDefinitionPass: Changed reference of service "twig.extension.routing" previously pointing to "router.default" to "router".
Symfony\Component\DependencyInjection\Compiler\ReplaceAliasByActualDefinitionPass: Changed reference of service "templating.engine.php" previously pointing to "templating.loader.filesystem" to "templating.loader".
Symfony\Component\DependencyInjection\Compiler\ReplaceAliasByActualDefinitionPass: Changed reference of service "assetic.twig_directory_resource.kernel" previously pointing to "templating.loader.filesystem" to "templating.loader".
Symfony\Component\DependencyInjection\Compiler\ReplaceAliasByActualDefinitionPass: Changed reference of service "validator.mapping.loader.annotation_loader" previously pointing to "annotations.file_cache_reader" to "annotation_reader".
Symfony\Component\DependencyInjection\Compiler\ReplaceAliasByActualDefinitionPass: Changed reference of service "doctrine.orm.metadata.annotation_reader" previously pointing to "annotations.file_cache_reader" to "annotation_reader".
Symfony\Component\DependencyInjection\Compiler\ReplaceAliasByActualDefinitionPass: Changed reference of service "sensio_framework_extra.controller.listener" previously pointing to "annotations.file_cache_reader" to "annotation_reader".
Symfony\Component\DependencyInjection\Compiler\ReplaceAliasByActualDefinitionPass: Changed reference of service "sensio_framework_extra.routing.loader.annot_class" previously pointing to "annotations.file_cache_reader" to "annotation_reader".
Symfony\Component\DependencyInjection\Compiler\ReplaceAliasByActualDefinitionPass: Changed reference of service "security.extra.controller_listener" previously pointing to "annotations.file_cache_reader" to "annotation_reader".
Symfony\Component\DependencyInjection\Compiler\ReplaceAliasByActualDefinitionPass: Changed reference of service "security.authentication.provider.dao.fronted" previously pointing to "security.encoder_factory.generic" to "security.encoder_factory".
Symfony\Component\DependencyInjection\Compiler\ReplaceAliasByActualDefinitionPass: Changed reference of service "security.access.method_interceptor" previously pointing to "monolog.logger" to "logger".
Symfony\Component\DependencyInjection\Compiler\ReplaceAliasByActualDefinitionPass: Changed reference of service "swiftmailer.mailer" previously pointing to "swiftmailer.transport.smtp" to "swiftmailer.transport".
Symfony\Component\DependencyInjection\Compiler\InlineServiceDefinitionsPass: Inlined service "controller_resolver" to "http_kernel".
Symfony\Component\DependencyInjection\Compiler\InlineServiceDefinitionsPass: Inlined service "templating.cache_warmer.template_paths" to "cache_warmer".
Symfony\Component\DependencyInjection\Compiler\InlineServiceDefinitionsPass: Inlined service "assetic.asset_manager_cache_warmer" to "cache_warmer".
Symfony\Component\DependencyInjection\Compiler\InlineServiceDefinitionsPass: Inlined service "router.cache_warmer" to "cache_warmer".
Symfony\Component\DependencyInjection\Compiler\InlineServiceDefinitionsPass: Inlined service "twig.cache_warmer" to "cache_warmer".
Symfony\Component\DependencyInjection\Compiler\InlineServiceDefinitionsPass: Inlined service "doctrine.orm.proxy_cache_warmer" to "cache_warmer".
Symfony\Component\DependencyInjection\Compiler\InlineServiceDefinitionsPass: Inlined service "assetic.asset_writer_cache_warmer" to "cache_warmer".
Symfony\Component\DependencyInjection\Compiler\InlineServiceDefinitionsPass: Inlined service "form.extension" to "form.factory".
Symfony\Component\DependencyInjection\Compiler\InlineServiceDefinitionsPass: Inlined service "validator.validator_factory" to "validator".
Symfony\Component\DependencyInjection\Compiler\InlineServiceDefinitionsPass: Inlined service "validator.mapping.loader.loader_chain" to "validator.mapping.class_metadata_factory".
Symfony\Component\DependencyInjection\Compiler\InlineServiceDefinitionsPass: Inlined service "validator.mapping.loader.annotation_loader" to "validator.mapping.loader.loader_chain".
Symfony\Component\DependencyInjection\Compiler\InlineServiceDefinitionsPass: Inlined service "validator.mapping.loader.static_method_loader" to "validator.mapping.loader.loader_chain".
Symfony\Component\DependencyInjection\Compiler\InlineServiceDefinitionsPass: Inlined service "validator.mapping.loader.xml_files_loader" to "validator.mapping.loader.loader_chain".
Symfony\Component\DependencyInjection\Compiler\InlineServiceDefinitionsPass: Inlined service "validator.mapping.loader.yaml_files_loader" to "validator.mapping.loader.loader_chain".
Symfony\Component\DependencyInjection\Compiler\InlineServiceDefinitionsPass: Inlined service "routing.loader.xml" to "routing.resolver".
Symfony\Component\DependencyInjection\Compiler\InlineServiceDefinitionsPass: Inlined service "routing.loader.yml" to "routing.resolver".
Symfony\Component\DependencyInjection\Compiler\InlineServiceDefinitionsPass: Inlined service "routing.loader.php" to "routing.resolver".
Symfony\Component\DependencyInjection\Compiler\InlineServiceDefinitionsPass: Inlined service "sensio_framework_extra.routing.loader.annot_dir" to "routing.resolver".
Symfony\Component\DependencyInjection\Compiler\InlineServiceDefinitionsPass: Inlined service "sensio_framework_extra.routing.loader.annot_file" to "routing.resolver".
Symfony\Component\DependencyInjection\Compiler\InlineServiceDefinitionsPass: Inlined service "routing.resolver" to "routing.loader".
Symfony\Component\DependencyInjection\Compiler\InlineServiceDefinitionsPass: Inlined service "templating.asset.default_package" to "templating.helper.assets".
Symfony\Component\DependencyInjection\Compiler\InlineServiceDefinitionsPass: Inlined service "templating.engine.php" to "templating.helper.form".
Symfony\Component\DependencyInjection\Compiler\InlineServiceDefinitionsPass: Inlined service "security.authentication.provider.dao.fronted" to "security.authentication.manager".
Symfony\Component\DependencyInjection\Compiler\InlineServiceDefinitionsPass: Inlined service "security.authentication.provider.rememberme.fronted" to "security.authentication.manager".
Symfony\Component\DependencyInjection\Compiler\InlineServiceDefinitionsPass: Inlined service "security.authentication.provider.anonymous.fronted" to "security.authentication.manager".
Symfony\Component\DependencyInjection\Compiler\InlineServiceDefinitionsPass: Inlined service "security.access.role_hierarchy_voter" to "security.access.decision_manager".
Symfony\Component\DependencyInjection\Compiler\InlineServiceDefinitionsPass: Inlined service "security.access.authenticated_voter" to "security.access.decision_manager".
Symfony\Component\DependencyInjection\Compiler\InlineServiceDefinitionsPass: Inlined service "security.role_hierarchy" to "security.access.role_hierarchy_voter".
Symfony\Component\DependencyInjection\Compiler\InlineServiceDefinitionsPass: Inlined service "security.firewall.map" to "security.firewall".
Symfony\Component\DependencyInjection\Compiler\InlineServiceDefinitionsPass: Inlined service "security.request_matcher.69e9d3fd562e0ecffc5bce0c68d3b7a673d187934b742bc76452558275bbd7611198d478" to "security.firewall.map".
Symfony\Component\DependencyInjection\Compiler\InlineServiceDefinitionsPass: Inlined service "security.authentication.retry_entry_point" to "security.channel_listener".
Symfony\Component\DependencyInjection\Compiler\InlineServiceDefinitionsPass: Inlined service "security.request_matcher.9477115e31b8ec9baee3aef757a7f53bb085a4a1dc8f8fa0dea1b443d1d11c37adf2e28e" to "security.access_map".
Symfony\Component\DependencyInjection\Compiler\InlineServiceDefinitionsPass: Inlined service "security.request_matcher.de8747921d748e12bbaa06b9d4bbb7c9259d7e4c47226e258338fc1bdb307a0d804f9b1c" to "security.access_map".
Symfony\Component\DependencyInjection\Compiler\InlineServiceDefinitionsPass: Inlined service "security.logout.handler.session" to "security.logout_listener.fronted".
Symfony\Component\DependencyInjection\Compiler\InlineServiceDefinitionsPass: Inlined service "security.authentication.session_strategy" to "security.authentication.listener.form.fronted".
Symfony\Component\DependencyInjection\Compiler\InlineServiceDefinitionsPass: Inlined service "security.authentication.form_entry_point.fronted" to "security.exception_listener.fronted".
Symfony\Component\DependencyInjection\Compiler\InlineServiceDefinitionsPass: Inlined service "security.channel_listener" to "security.firewall.map.context.fronted".
Symfony\Component\DependencyInjection\Compiler\InlineServiceDefinitionsPass: Inlined service "security.context_listener.0" to "security.firewall.map.context.fronted".
Symfony\Component\DependencyInjection\Compiler\InlineServiceDefinitionsPass: Inlined service "security.logout_listener.fronted" to "security.firewall.map.context.fronted".
Symfony\Component\DependencyInjection\Compiler\InlineServiceDefinitionsPass: Inlined service "security.authentication.listener.form.fronted" to "security.firewall.map.context.fronted".
Symfony\Component\DependencyInjection\Compiler\InlineServiceDefinitionsPass: Inlined service "security.authentication.listener.rememberme.fronted" to "security.firewall.map.context.fronted".
Symfony\Component\DependencyInjection\Compiler\InlineServiceDefinitionsPass: Inlined service "security.authentication.listener.anonymous.fronted" to "security.firewall.map.context.fronted".
Symfony\Component\DependencyInjection\Compiler\InlineServiceDefinitionsPass: Inlined service "security.access_listener" to "security.firewall.map.context.fronted".
Symfony\Component\DependencyInjection\Compiler\InlineServiceDefinitionsPass: Inlined service "security.authentication.switchuser_listener.fronted" to "security.firewall.map.context.fronted".
Symfony\Component\DependencyInjection\Compiler\InlineServiceDefinitionsPass: Inlined service "security.exception_listener.fronted" to "security.firewall.map.context.fronted".
Symfony\Component\DependencyInjection\Compiler\InlineServiceDefinitionsPass: Inlined service "twig.extension.security" to "twig".
Symfony\Component\DependencyInjection\Compiler\InlineServiceDefinitionsPass: Inlined service "twig.extension.trans" to "twig".
Symfony\Component\DependencyInjection\Compiler\InlineServiceDefinitionsPass: Inlined service "twig.extension.assets" to "twig".
Symfony\Component\DependencyInjection\Compiler\InlineServiceDefinitionsPass: Inlined service "twig.extension.actions" to "twig".
Symfony\Component\DependencyInjection\Compiler\InlineServiceDefinitionsPass: Inlined service "twig.extension.code" to "twig".
Symfony\Component\DependencyInjection\Compiler\InlineServiceDefinitionsPass: Inlined service "twig.extension.routing" to "twig".
Symfony\Component\DependencyInjection\Compiler\InlineServiceDefinitionsPass: Inlined service "twig.extension.yaml" to "twig".
Symfony\Component\DependencyInjection\Compiler\InlineServiceDefinitionsPass: Inlined service "twig.extension.form" to "twig".
Symfony\Component\DependencyInjection\Compiler\InlineServiceDefinitionsPass: Inlined service "assetic.twig_extension" to "twig".
Symfony\Component\DependencyInjection\Compiler\InlineServiceDefinitionsPass: Inlined service "swiftmailer.transport.mailinvoker" to "swiftmailer.transport.mail".
Symfony\Component\DependencyInjection\Compiler\InlineServiceDefinitionsPass: Inlined service "swiftmailer.transport.replacementfactory" to "swiftmailer.transport.buffer".
Symfony\Component\DependencyInjection\Compiler\InlineServiceDefinitionsPass: Inlined service "23d37c67ae7ed073aa4e91e25b5e43dd_1" to "swiftmailer.transport.authhandler".
Symfony\Component\DependencyInjection\Compiler\InlineServiceDefinitionsPass: Inlined service "23d37c67ae7ed073aa4e91e25b5e43dd_2" to "swiftmailer.transport.authhandler".
Symfony\Component\DependencyInjection\Compiler\InlineServiceDefinitionsPass: Inlined service "23d37c67ae7ed073aa4e91e25b5e43dd_3" to "swiftmailer.transport.authhandler".
Symfony\Component\DependencyInjection\Compiler\InlineServiceDefinitionsPass: Inlined service "doctrine.dbal.default_connection.events.mysqlsessioninit" to "doctrine.dbal.default_connection.event_manager".
Symfony\Component\DependencyInjection\Compiler\InlineServiceDefinitionsPass: Inlined service "doctrine.dbal.default_connection.configuration" to "doctrine.dbal.default_connection".
Symfony\Component\DependencyInjection\Compiler\InlineServiceDefinitionsPass: Inlined service "doctrine.dbal.default_connection.event_manager" to "doctrine.dbal.default_connection".
Symfony\Component\DependencyInjection\Compiler\InlineServiceDefinitionsPass: Inlined service "doctrine.orm.default_metadata_cache" to "doctrine.orm.default_configuration".
Symfony\Component\DependencyInjection\Compiler\InlineServiceDefinitionsPass: Inlined service "doctrine.orm.default_query_cache" to "doctrine.orm.default_configuration".
Symfony\Component\DependencyInjection\Compiler\InlineServiceDefinitionsPass: Inlined service "doctrine.orm.default_result_cache" to "doctrine.orm.default_configuration".
Symfony\Component\DependencyInjection\Compiler\InlineServiceDefinitionsPass: Inlined service "doctrine.orm.default_metadata_driver" to "doctrine.orm.default_configuration".
Symfony\Component\DependencyInjection\Compiler\InlineServiceDefinitionsPass: Inlined service "doctrine.orm.metadata.annotation_reader" to "doctrine.orm.default_annotation_metadata_driver".
Symfony\Component\DependencyInjection\Compiler\InlineServiceDefinitionsPass: Inlined service "doctrine.orm.default_annotation_metadata_driver" to "doctrine.orm.default_metadata_driver".
Symfony\Component\DependencyInjection\Compiler\InlineServiceDefinitionsPass: Inlined service "doctrine.orm.default_annotation_metadata_driver" to "doctrine.orm.default_metadata_driver".
Symfony\Component\DependencyInjection\Compiler\InlineServiceDefinitionsPass: Inlined service "doctrine.orm.default_annotation_metadata_driver" to "doctrine.orm.default_metadata_driver".
Symfony\Component\DependencyInjection\Compiler\InlineServiceDefinitionsPass: Inlined service "doctrine.orm.default_annotation_metadata_driver" to "doctrine.orm.default_metadata_driver".
Symfony\Component\DependencyInjection\Compiler\InlineServiceDefinitionsPass: Inlined service "doctrine.orm.default_annotation_metadata_driver" to "doctrine.orm.default_metadata_driver".
Symfony\Component\DependencyInjection\Compiler\InlineServiceDefinitionsPass: Inlined service "doctrine.orm.default_configuration" to "doctrine.orm.default_entity_manager".
Symfony\Component\DependencyInjection\Compiler\InlineServiceDefinitionsPass: Inlined service "assetic.twig_formula_loader" to "assetic.asset_manager".
Symfony\Component\DependencyInjection\Compiler\InlineServiceDefinitionsPass: Inlined service "assetic.twig_directory_resource.frameworkbundle" to "assetic.asset_manager".
Symfony\Component\DependencyInjection\Compiler\InlineServiceDefinitionsPass: Inlined service "assetic.twig_directory_resource.securitybundle" to "assetic.asset_manager".
Symfony\Component\DependencyInjection\Compiler\InlineServiceDefinitionsPass: Inlined service "assetic.twig_directory_resource.twigbundle" to "assetic.asset_manager".
Symfony\Component\DependencyInjection\Compiler\InlineServiceDefinitionsPass: Inlined service "assetic.twig_directory_resource.monologbundle" to "assetic.asset_manager".
Symfony\Component\DependencyInjection\Compiler\InlineServiceDefinitionsPass: Inlined service "assetic.twig_directory_resource.swiftmailerbundle" to "assetic.asset_manager".
Symfony\Component\DependencyInjection\Compiler\InlineServiceDefinitionsPass: Inlined service "assetic.twig_directory_resource.doctrinebundle" to "assetic.asset_manager".
Symfony\Component\DependencyInjection\Compiler\InlineServiceDefinitionsPass: Inlined service "assetic.twig_directory_resource.asseticbundle" to "assetic.asset_manager".
Symfony\Component\DependencyInjection\Compiler\InlineServiceDefinitionsPass: Inlined service "assetic.twig_directory_resource.sensioframeworkextrabundle" to "assetic.asset_manager".
Symfony\Component\DependencyInjection\Compiler\InlineServiceDefinitionsPass: Inlined service "assetic.twig_directory_resource.jmssecurityextrabundle" to "assetic.asset_manager".
Symfony\Component\DependencyInjection\Compiler\InlineServiceDefinitionsPass: Inlined service "assetic.twig_directory_resource.frontbundle" to "assetic.asset_manager".
Symfony\Component\DependencyInjection\Compiler\InlineServiceDefinitionsPass: Inlined service "assetic.twig_directory_resource.almacenbundle" to "assetic.asset_manager".
Symfony\Component\DependencyInjection\Compiler\InlineServiceDefinitionsPass: Inlined service "assetic.twig_directory_resource.pedidobundle" to "assetic.asset_manager".
Symfony\Component\DependencyInjection\Compiler\InlineServiceDefinitionsPass: Inlined service "assetic.twig_directory_resource.comprabundle" to "assetic.asset_manager".
Symfony\Component\DependencyInjection\Compiler\InlineServiceDefinitionsPass: Inlined service "assetic.twig_directory_resource.proveedorbundle" to "assetic.asset_manager".
Symfony\Component\DependencyInjection\Compiler\InlineServiceDefinitionsPass: Inlined service "assetic.twig_directory_resource.usuariobundle" to "assetic.asset_manager".
Symfony\Component\DependencyInjection\Compiler\InlineServiceDefinitionsPass: Inlined service "assetic.twig_directory_resource.kernel" to "assetic.asset_manager".
Symfony\Component\DependencyInjection\Compiler\InlineServiceDefinitionsPass: Inlined service "assetic.parameter_bag" to "assetic.asset_factory".
Symfony\Component\DependencyInjection\Compiler\InlineServiceDefinitionsPass: Inlined service "assetic.parameters" to "assetic.parameter_bag".
Symfony\Component\DependencyInjection\Compiler\InlineServiceDefinitionsPass: Inlined service "assetic.twig_formula_loader.real" to "assetic.twig_formula_loader".
Symfony\Component\DependencyInjection\Compiler\InlineServiceDefinitionsPass: Inlined service "assetic.config_cache" to "assetic.twig_formula_loader".
Symfony\Component\DependencyInjection\Compiler\InlineServiceDefinitionsPass: Inlined service "assetic.asset_writer" to "assetic.asset_writer_cache_warmer".
Symfony\Component\DependencyInjection\Compiler\InlineServiceDefinitionsPass: Inlined service "security.access.after_invocation_manager" to "security.access.method_interceptor".
Symfony\Component\DependencyInjection\Compiler\InlineServiceDefinitionsPass: Inlined service "security.access.run_as_manager" to "security.access.method_interceptor".
Symfony\Component\DependencyInjection\Compiler\InlineServiceDefinitionsPass: Inlined service "swiftmailer.transport.authhandler" to "swiftmailer.transport".
Symfony\Component\DependencyInjection\Compiler\RemoveUnusedDefinitionsPass: Removed service "controller_resolver"; reason: unused
Symfony\Component\DependencyInjection\Compiler\RemoveUnusedDefinitionsPass: Removed service "session.storage.filesystem"; reason: unused
Symfony\Component\DependencyInjection\Compiler\RemoveUnusedDefinitionsPass: Removed service "form.extension"; reason: unused
Symfony\Component\DependencyInjection\Compiler\RemoveUnusedDefinitionsPass: Removed service "validator.mapping.cache.apc"; reason: unused
Symfony\Component\DependencyInjection\Compiler\RemoveUnusedDefinitionsPass: Removed service "validator.validator_factory"; reason: unused
Symfony\Component\DependencyInjection\Compiler\RemoveUnusedDefinitionsPass: Removed service "validator.mapping.loader.loader_chain"; reason: unused
Symfony\Component\DependencyInjection\Compiler\RemoveUnusedDefinitionsPass: Removed service "validator.mapping.loader.static_method_loader"; reason: unused
Symfony\Component\DependencyInjection\Compiler\RemoveUnusedDefinitionsPass: Removed service "validator.mapping.loader.annotation_loader"; reason: unused
Symfony\Component\DependencyInjection\Compiler\RemoveUnusedDefinitionsPass: Removed service "validator.mapping.loader.xml_files_loader"; reason: unused
Symfony\Component\DependencyInjection\Compiler\RemoveUnusedDefinitionsPass: Removed service "validator.mapping.loader.yaml_files_loader"; reason: unused
Symfony\Component\DependencyInjection\Compiler\RemoveUnusedDefinitionsPass: Removed service "routing.resolver"; reason: unused
Symfony\Component\DependencyInjection\Compiler\RemoveUnusedDefinitionsPass: Removed service "routing.loader.xml"; reason: unused
Symfony\Component\DependencyInjection\Compiler\RemoveUnusedDefinitionsPass: Removed service "routing.loader.yml"; reason: unused
Symfony\Component\DependencyInjection\Compiler\RemoveUnusedDefinitionsPass: Removed service "routing.loader.php"; reason: unused
Symfony\Component\DependencyInjection\Compiler\RemoveUnusedDefinitionsPass: Removed service "router.cache_warmer"; reason: unused
Symfony\Component\DependencyInjection\Compiler\RemoveUnusedDefinitionsPass: Removed service "templating.engine.delegating"; reason: unused
Symfony\Component\DependencyInjection\Compiler\RemoveUnusedDefinitionsPass: Removed service "templating.cache_warmer.template_paths"; reason: unused
Symfony\Component\DependencyInjection\Compiler\RemoveUnusedDefinitionsPass: Removed service "templating.loader.cache"; reason: unused
Symfony\Component\DependencyInjection\Compiler\RemoveUnusedDefinitionsPass: Removed service "templating.loader.chain"; reason: unused
Symfony\Component\DependencyInjection\Compiler\RemoveUnusedDefinitionsPass: Removed service "templating.engine.php"; reason: unused
Symfony\Component\DependencyInjection\Compiler\RemoveUnusedDefinitionsPass: Removed service "templating.asset.default_package"; reason: unused
Symfony\Component\DependencyInjection\Compiler\RemoveUnusedDefinitionsPass: Removed service "annotations.cached_reader"; reason: unused
Symfony\Component\DependencyInjection\Compiler\RemoveUnusedDefinitionsPass: Removed service "security.authentication.session_strategy"; reason: unused
Symfony\Component\DependencyInjection\Compiler\RemoveUnusedDefinitionsPass: Removed service "security.role_hierarchy"; reason: unused
Symfony\Component\DependencyInjection\Compiler\RemoveUnusedDefinitionsPass: Removed service "security.access.authenticated_voter"; reason: unused
Symfony\Component\DependencyInjection\Compiler\RemoveUnusedDefinitionsPass: Removed service "security.access.role_hierarchy_voter"; reason: unused
Symfony\Component\DependencyInjection\Compiler\RemoveUnusedDefinitionsPass: Removed service "security.firewall.map"; reason: unused
Symfony\Component\DependencyInjection\Compiler\RemoveUnusedDefinitionsPass: Removed service "security.authentication.listener.anonymous"; reason: unused
Symfony\Component\DependencyInjection\Compiler\RemoveUnusedDefinitionsPass: Removed service "security.authentication.provider.anonymous"; reason: unused
Symfony\Component\DependencyInjection\Compiler\RemoveUnusedDefinitionsPass: Removed service "security.authentication.retry_entry_point"; reason: unused
Symfony\Component\DependencyInjection\Compiler\RemoveUnusedDefinitionsPass: Removed service "security.authentication.basic_entry_point"; reason: unused
Symfony\Component\DependencyInjection\Compiler\RemoveUnusedDefinitionsPass: Removed service "security.authentication.digest_entry_point"; reason: unused
Symfony\Component\DependencyInjection\Compiler\RemoveUnusedDefinitionsPass: Removed service "security.channel_listener"; reason: unused
Symfony\Component\DependencyInjection\Compiler\RemoveUnusedDefinitionsPass: Removed service "security.context_listener"; reason: unused
Symfony\Component\DependencyInjection\Compiler\RemoveUnusedDefinitionsPass: Removed service "security.logout.handler.session"; reason: unused
Symfony\Component\DependencyInjection\Compiler\RemoveUnusedDefinitionsPass: Removed service "security.access_listener"; reason: unused
Symfony\Component\DependencyInjection\Compiler\RemoveUnusedDefinitionsPass: Removed service "security.rememberme.token.provider.in_memory"; reason: unused
Symfony\Component\DependencyInjection\Compiler\RemoveUnusedDefinitionsPass: Removed service "twig.extension.security"; reason: unused
Symfony\Component\DependencyInjection\Compiler\RemoveUnusedDefinitionsPass: Removed service "data_collector.security"; reason: unused
Symfony\Component\DependencyInjection\Compiler\RemoveUnusedDefinitionsPass: Removed service "security.request_matcher.69e9d3fd562e0ecffc5bce0c68d3b7a673d187934b742bc76452558275bbd7611198d478"; reason: unused
Symfony\Component\DependencyInjection\Compiler\RemoveUnusedDefinitionsPass: Removed service "security.context_listener.0"; reason: unused
Symfony\Component\DependencyInjection\Compiler\RemoveUnusedDefinitionsPass: Removed service "security.logout_listener.fronted"; reason: unused
Symfony\Component\DependencyInjection\Compiler\RemoveUnusedDefinitionsPass: Removed service "security.authentication.provider.dao.fronted"; reason: unused
Symfony\Component\DependencyInjection\Compiler\RemoveUnusedDefinitionsPass: Removed service "security.authentication.listener.form.fronted"; reason: unused
Symfony\Component\DependencyInjection\Compiler\RemoveUnusedDefinitionsPass: Removed service "security.authentication.form_entry_point.fronted"; reason: unused
Symfony\Component\DependencyInjection\Compiler\RemoveUnusedDefinitionsPass: Removed service "security.authentication.provider.rememberme.fronted"; reason: unused
Symfony\Component\DependencyInjection\Compiler\RemoveUnusedDefinitionsPass: Removed service "security.authentication.listener.rememberme.fronted"; reason: unused
Symfony\Component\DependencyInjection\Compiler\RemoveUnusedDefinitionsPass: Removed service "security.authentication.listener.anonymous.fronted"; reason: unused
Symfony\Component\DependencyInjection\Compiler\RemoveUnusedDefinitionsPass: Removed service "security.authentication.provider.anonymous.fronted"; reason: unused
Symfony\Component\DependencyInjection\Compiler\RemoveUnusedDefinitionsPass: Removed service "security.authentication.switchuser_listener.fronted"; reason: unused
Symfony\Component\DependencyInjection\Compiler\RemoveUnusedDefinitionsPass: Removed service "security.exception_listener.fronted"; reason: unused
Symfony\Component\DependencyInjection\Compiler\RemoveUnusedDefinitionsPass: Removed service "security.request_matcher.9477115e31b8ec9baee3aef757a7f53bb085a4a1dc8f8fa0dea1b443d1d11c37adf2e28e"; reason: unused
Symfony\Component\DependencyInjection\Compiler\RemoveUnusedDefinitionsPass: Removed service "security.request_matcher.de8747921d748e12bbaa06b9d4bbb7c9259d7e4c47226e258338fc1bdb307a0d804f9b1c"; reason: unused
Symfony\Component\DependencyInjection\Compiler\RemoveUnusedDefinitionsPass: Removed service "twig.cache_warmer"; reason: unused
Symfony\Component\DependencyInjection\Compiler\RemoveUnusedDefinitionsPass: Removed service "twig.extension.trans"; reason: unused
Symfony\Component\DependencyInjection\Compiler\RemoveUnusedDefinitionsPass: Removed service "twig.extension.assets"; reason: unused
Symfony\Component\DependencyInjection\Compiler\RemoveUnusedDefinitionsPass: Removed service "twig.extension.actions"; reason: unused
Symfony\Component\DependencyInjection\Compiler\RemoveUnusedDefinitionsPass: Removed service "twig.extension.code"; reason: unused
Symfony\Component\DependencyInjection\Compiler\RemoveUnusedDefinitionsPass: Removed service "twig.extension.routing"; reason: unused
Symfony\Component\DependencyInjection\Compiler\RemoveUnusedDefinitionsPass: Removed service "twig.extension.yaml"; reason: unused
Symfony\Component\DependencyInjection\Compiler\RemoveUnusedDefinitionsPass: Removed service "twig.extension.form"; reason: unused
Symfony\Component\DependencyInjection\Compiler\RemoveUnusedDefinitionsPass: Removed service "23d37c67ae7ed073aa4e91e25b5e43dd_3"; reason: unused
Symfony\Component\DependencyInjection\Compiler\RemoveUnusedDefinitionsPass: Removed service "23d37c67ae7ed073aa4e91e25b5e43dd_2"; reason: unused
Symfony\Component\DependencyInjection\Compiler\RemoveUnusedDefinitionsPass: Removed service "23d37c67ae7ed073aa4e91e25b5e43dd_1"; reason: unused
Symfony\Component\DependencyInjection\Compiler\RemoveUnusedDefinitionsPass: Removed service "swiftmailer.transport.sendmail"; reason: unused
Symfony\Component\DependencyInjection\Compiler\RemoveUnusedDefinitionsPass: Removed service "swiftmailer.transport.mail"; reason: unused
Symfony\Component\DependencyInjection\Compiler\RemoveUnusedDefinitionsPass: Removed service "swiftmailer.transport.failover"; reason: unused
Symfony\Component\DependencyInjection\Compiler\RemoveUnusedDefinitionsPass: Removed service "swiftmailer.transport.mailinvoker"; reason: unused
Symfony\Component\DependencyInjection\Compiler\RemoveUnusedDefinitionsPass: Removed service "swiftmailer.transport.authhandler"; reason: unused
Symfony\Component\DependencyInjection\Compiler\RemoveUnusedDefinitionsPass: Removed service "swiftmailer.transport.replacementfactory"; reason: unused
Symfony\Component\DependencyInjection\Compiler\RemoveUnusedDefinitionsPass: Removed service "swiftmailer.transport.null"; reason: unused
Symfony\Component\DependencyInjection\Compiler\RemoveUnusedDefinitionsPass: Removed service "swiftmailer.plugin.redirecting"; reason: unused
Symfony\Component\DependencyInjection\Compiler\RemoveUnusedDefinitionsPass: Removed service "swiftmailer.plugin.antiflood"; reason: unused
Symfony\Component\DependencyInjection\Compiler\RemoveUnusedDefinitionsPass: Removed service "swiftmailer.plugin.impersonate"; reason: unused
Symfony\Component\DependencyInjection\Compiler\RemoveUnusedDefinitionsPass: Removed service "swiftmailer.data_collector"; reason: unused
Symfony\Component\DependencyInjection\Compiler\RemoveUnusedDefinitionsPass: Removed service "doctrine.dbal.logger.debug"; reason: unused
Symfony\Component\DependencyInjection\Compiler\RemoveUnusedDefinitionsPass: Removed service "data_collector.doctrine"; reason: unused
Symfony\Component\DependencyInjection\Compiler\RemoveUnusedDefinitionsPass: Removed service "doctrine.dbal.default_connection.configuration"; reason: unused
Symfony\Component\DependencyInjection\Compiler\RemoveUnusedDefinitionsPass: Removed service "doctrine.dbal.default_connection.event_manager"; reason: unused
Symfony\Component\DependencyInjection\Compiler\RemoveUnusedDefinitionsPass: Removed service "doctrine.dbal.default_connection.events.mysqlsessioninit"; reason: unused
Symfony\Component\DependencyInjection\Compiler\RemoveUnusedDefinitionsPass: Removed service "doctrine.orm.metadata.annotation_reader"; reason: unused
Symfony\Component\DependencyInjection\Compiler\RemoveUnusedDefinitionsPass: Removed service "doctrine.orm.proxy_cache_warmer"; reason: unused
Symfony\Component\DependencyInjection\Compiler\RemoveUnusedDefinitionsPass: Removed service "doctrine.orm.default_configuration"; reason: unused
Symfony\Component\DependencyInjection\Compiler\RemoveUnusedDefinitionsPass: Removed service "doctrine.orm.default_annotation_metadata_driver"; reason: unused
Symfony\Component\DependencyInjection\Compiler\RemoveUnusedDefinitionsPass: Removed service "doctrine.orm.default_metadata_driver"; reason: unused
Symfony\Component\DependencyInjection\Compiler\RemoveUnusedDefinitionsPass: Removed service "doctrine.orm.default_metadata_cache"; reason: unused
Symfony\Component\DependencyInjection\Compiler\RemoveUnusedDefinitionsPass: Removed service "doctrine.orm.default_result_cache"; reason: unused
Symfony\Component\DependencyInjection\Compiler\RemoveUnusedDefinitionsPass: Removed service "doctrine.orm.default_query_cache"; reason: unused
Symfony\Component\DependencyInjection\Compiler\RemoveUnusedDefinitionsPass: Removed service "assetic.config_cache"; reason: unused
Symfony\Component\DependencyInjection\Compiler\RemoveUnusedDefinitionsPass: Removed service "assetic.asset_manager_cache_warmer"; reason: unused
Symfony\Component\DependencyInjection\Compiler\RemoveUnusedDefinitionsPass: Removed service "assetic.parameter_bag"; reason: unused
Symfony\Component\DependencyInjection\Compiler\RemoveUnusedDefinitionsPass: Removed service "assetic.parameters"; reason: unused
Symfony\Component\DependencyInjection\Compiler\RemoveUnusedDefinitionsPass: Removed service "assetic.twig_extension"; reason: unused
Symfony\Component\DependencyInjection\Compiler\RemoveUnusedDefinitionsPass: Removed service "assetic.twig_formula_loader"; reason: unused
Symfony\Component\DependencyInjection\Compiler\RemoveUnusedDefinitionsPass: Removed service "assetic.twig_formula_loader.real"; reason: unused
Symfony\Component\DependencyInjection\Compiler\RemoveUnusedDefinitionsPass: Removed service "assetic.asset_writer_cache_warmer"; reason: unused
Symfony\Component\DependencyInjection\Compiler\RemoveUnusedDefinitionsPass: Removed service "assetic.asset_writer"; reason: unused
Symfony\Component\DependencyInjection\Compiler\RemoveUnusedDefinitionsPass: Removed service "assetic.twig_directory_resource.frameworkbundle"; reason: unused
Symfony\Component\DependencyInjection\Compiler\RemoveUnusedDefinitionsPass: Removed service "assetic.twig_directory_resource.securitybundle"; reason: unused
Symfony\Component\DependencyInjection\Compiler\RemoveUnusedDefinitionsPass: Removed service "assetic.twig_directory_resource.twigbundle"; reason: unused
Symfony\Component\DependencyInjection\Compiler\RemoveUnusedDefinitionsPass: Removed service "assetic.twig_directory_resource.monologbundle"; reason: unused
Symfony\Component\DependencyInjection\Compiler\RemoveUnusedDefinitionsPass: Removed service "assetic.twig_directory_resource.swiftmailerbundle"; reason: unused
Symfony\Component\DependencyInjection\Compiler\RemoveUnusedDefinitionsPass: Removed service "assetic.twig_directory_resource.doctrinebundle"; reason: unused
Symfony\Component\DependencyInjection\Compiler\RemoveUnusedDefinitionsPass: Removed service "assetic.twig_directory_resource.asseticbundle"; reason: unused
Symfony\Component\DependencyInjection\Compiler\RemoveUnusedDefinitionsPass: Removed service "assetic.twig_directory_resource.sensioframeworkextrabundle"; reason: unused
Symfony\Component\DependencyInjection\Compiler\RemoveUnusedDefinitionsPass: Removed service "assetic.twig_directory_resource.jmssecurityextrabundle"; reason: unused
Symfony\Component\DependencyInjection\Compiler\RemoveUnusedDefinitionsPass: Removed service "assetic.twig_directory_resource.frontbundle"; reason: unused
Symfony\Component\DependencyInjection\Compiler\RemoveUnusedDefinitionsPass: Removed service "assetic.twig_directory_resource.almacenbundle"; reason: unused
Symfony\Component\DependencyInjection\Compiler\RemoveUnusedDefinitionsPass: Removed service "assetic.twig_directory_resource.pedidobundle"; reason: unused
Symfony\Component\DependencyInjection\Compiler\RemoveUnusedDefinitionsPass: Removed service "assetic.twig_directory_resource.comprabundle"; reason: unused
Symfony\Component\DependencyInjection\Compiler\RemoveUnusedDefinitionsPass: Removed service "assetic.twig_directory_resource.proveedorbundle"; reason: unused
Symfony\Component\DependencyInjection\Compiler\RemoveUnusedDefinitionsPass: Removed service "assetic.twig_directory_resource.usuariobundle"; reason: unused
Symfony\Component\DependencyInjection\Compiler\RemoveUnusedDefinitionsPass: Removed service "assetic.twig_directory_resource.kernel"; reason: unused
Symfony\Component\DependencyInjection\Compiler\RemoveUnusedDefinitionsPass: Removed service "sensio_framework_extra.routing.loader.annot_dir"; reason: unused
Symfony\Component\DependencyInjection\Compiler\RemoveUnusedDefinitionsPass: Removed service "sensio_framework_extra.routing.loader.annot_file"; reason: unused
Symfony\Component\DependencyInjection\Compiler\RemoveUnusedDefinitionsPass: Removed service "security.access.run_as_manager"; reason: unused
Symfony\Component\DependencyInjection\Compiler\RemoveUnusedDefinitionsPass: Removed service "security.access.after_invocation_manager"; reason: unused
Symfony\Component\DependencyInjection\Compiler\RemoveUnusedDefinitionsPass: Removed service "security.access.after_invocation.acl_provider"; reason: unused
Symfony\Component\DependencyInjection\Compiler\RemoveUnusedDefinitionsPass: Removed service "security.extra.iddqd_voter"; reason: unused
Symfony\Component\DependencyInjection\Compiler\InlineServiceDefinitionsPass: Inlined service "templating.finder" to "cache_warmer".
Symfony\Component\DependencyInjection\Compiler\InlineServiceDefinitionsPass: Inlined service "templating.finder" to "cache_warmer".
Symfony\Component\DependencyInjection\Compiler\InlineServiceDefinitionsPass: Inlined service "sensio_framework_extra.routing.loader.annot_class" to "routing.loader".
Symfony\Component\DependencyInjection\Compiler\InlineServiceDefinitionsPass: Inlined service "sensio_framework_extra.routing.loader.annot_class" to "routing.loader".
Symfony\Component\DependencyInjection\Compiler\InlineServiceDefinitionsPass: Inlined service "sensio_framework_extra.routing.loader.annot_class" to "routing.loader".
Symfony\Component\DependencyInjection\Compiler\InlineServiceDefinitionsPass: Inlined service "security.access_map" to "security.firewall.map.context.fronted".
Symfony\Component\DependencyInjection\Compiler\InlineServiceDefinitionsPass: Inlined service "security.http_utils" to "security.firewall.map.context.fronted".
Symfony\Component\DependencyInjection\Compiler\InlineServiceDefinitionsPass: Inlined service "security.authentication.rememberme.services.simplehash.fronted" to "security.firewall.map.context.fronted".
Symfony\Component\DependencyInjection\Compiler\InlineServiceDefinitionsPass: Inlined service "security.http_utils" to "security.firewall.map.context.fronted".
Symfony\Component\DependencyInjection\Compiler\InlineServiceDefinitionsPass: Inlined service "security.authentication.rememberme.services.simplehash.fronted" to "security.firewall.map.context.fronted".
Symfony\Component\DependencyInjection\Compiler\InlineServiceDefinitionsPass: Inlined service "security.authentication.rememberme.services.simplehash.fronted" to "security.firewall.map.context.fronted".
Symfony\Component\DependencyInjection\Compiler\InlineServiceDefinitionsPass: Inlined service "security.access_map" to "security.firewall.map.context.fronted".
Symfony\Component\DependencyInjection\Compiler\InlineServiceDefinitionsPass: Inlined service "security.http_utils" to "security.firewall.map.context.fronted".
Symfony\Component\DependencyInjection\Compiler\InlineServiceDefinitionsPass: Inlined service "security.http_utils" to "security.firewall.map.context.fronted".
Symfony\Component\DependencyInjection\Compiler\InlineServiceDefinitionsPass: Inlined service "doctrine.dbal.logger" to "doctrine.dbal.default_connection".
Symfony\Component\DependencyInjection\Compiler\InlineServiceDefinitionsPass: Inlined service "annotations.reader" to "annotation_reader".
Symfony\Component\DependencyInjection\Compiler\InlineServiceDefinitionsPass: Inlined service "swiftmailer.transport.buffer" to "swiftmailer.transport".
Symfony\Component\DependencyInjection\Compiler\InlineServiceDefinitionsPass: Inlined service "swiftmailer.transport.eventdispatcher" to "swiftmailer.transport".
Symfony\Component\DependencyInjection\Compiler\RemoveUnusedDefinitionsPass: Removed service "templating.finder"; reason: unused
Symfony\Component\DependencyInjection\Compiler\RemoveUnusedDefinitionsPass: Removed service "templating.debugger"; reason: unused
Symfony\Component\DependencyInjection\Compiler\RemoveUnusedDefinitionsPass: Removed service "annotations.reader"; reason: unused
Symfony\Component\DependencyInjection\Compiler\RemoveUnusedDefinitionsPass: Removed service "security.http_utils"; reason: unused
Symfony\Component\DependencyInjection\Compiler\RemoveUnusedDefinitionsPass: Removed service "security.access_map"; reason: unused
Symfony\Component\DependencyInjection\Compiler\RemoveUnusedDefinitionsPass: Removed service "security.authentication.rememberme.services.simplehash.fronted"; reason: unused
Symfony\Component\DependencyInjection\Compiler\RemoveUnusedDefinitionsPass: Removed service "swiftmailer.transport.buffer"; reason: unused
Symfony\Component\DependencyInjection\Compiler\RemoveUnusedDefinitionsPass: Removed service "swiftmailer.transport.eventdispatcher"; reason: unused
Symfony\Component\DependencyInjection\Compiler\RemoveUnusedDefinitionsPass: Removed service "doctrine.dbal.logger"; reason: unused
Symfony\Component\DependencyInjection\Compiler\RemoveUnusedDefinitionsPass: Removed service "sensio_framework_extra.routing.loader.annot_class"; reason: unused